<?xml version="1.0" encoding="UTF-8"?>
<!-- Generated by org.testng.reporters.JUnitReportReporter -->
<testsuite hostname="Admin-PC" name="com.jbk.NewTest" tests="1" failures="0" timestamp="14 Apr 2019 05:18:46 GMT" time="0.040" errors="0">
  <testcase name="f" time="0.040" classname="com.jbk.NewTest"/>
</testsuite> <!-- com.jbk.NewTest -->
